<?xml version="1.0" encoding="UTF-8"?>
<!-- Generated by org.testng.reporters.JUnitXMLReporter -->
<testsuite ignored="1" hostname="DESKTOP-71N1NP1" failures="0" tests="2" name="Test" time="0.076" errors="0" timestamp="27 Jul 2019 21:12:12 GMT">
  <testcase classname="prarthanaMaven.MavenTest" name="DisplayTwo" time="0.026"/>
  <testcase classname="prarthanaMaven.SecondTest" name="displaythree" time="0.002"/>
  <testcase classname="prarthanaMaven.MavenTest" name="DisplayOne" time="0.0">
    <ignored/>
  </testcase> <!-- DisplayOne -->
</testsuite> <!-- Test -->
