<?xml version="1.0" encoding="UTF-8"?>
<!-- Generated by org.testng.reporters.JUnitXMLReporter -->
<testsuite hostname="DESKTOP-71N1NP1" failures="0" tests="4" name="Command line test" time="0.013" errors="0" timestamp="27 Jul 2019 22:43:57 GMT">
  <testcase classname="prarthanaMaven.MavenTest" name="DisplayOne" time="0.005"/>
  <testcase classname="prarthanaMaven.MavenTest" name="DisplayTwo" time="0.0"/>
  <testcase classname="prarthanaMaven.SecondTest" name="displaythree" time="0.0"/>
  <testcase classname="prarthanaMaven.ThirdTest" name="displayfour" time="0.0"/>
</testsuite> <!-- Command line test -->
