<?xml version="1.0" encoding="UTF-8"?>
<testng-results total="4" passed="4" failed="0" skipped="0">
  <reporter-output>
  </reporter-output>
  <suite started-at="2019-07-27T22:43:57Z" name="Command line suite" finished-at="2019-07-27T22:43:57Z" duration-ms="13">
    <groups>
    </groups>
    <test started-at="2019-07-27T22:43:57Z" name="Command line test" finished-at="2019-07-27T22:43:57Z" duration-ms="13">
      <class name="prarthanaMaven.SecondTest">
        <test-method signature="displaythree()[pri:0, instance:prarthanaMaven.SecondTest@2781e022]" started-at="2019-07-27T18:43:57Z" name="displaythree" finished-at="2019-07-27T18:43:57Z" duration-ms="0" status="PASS">
          <reporter-output>
          </reporter-output>
        </test-method> <!-- displaythree -->
      </class> <!-- prarthanaMaven.SecondTest -->
      <class name="prarthanaMaven.ThirdTest">
        <test-method signature="displayfour()[pri:0, instance:prarthanaMaven.ThirdTest@57e1b0c]" started-at="2019-07-27T18:43:57Z" name="displayfour" finished-at="2019-07-27T18:43:57Z" duration-ms="0" status="PASS">
          <reporter-output>
          </reporter-output>
        </test-method> <!-- displayfour -->
      </class> <!-- prarthanaMaven.ThirdTest -->
      <class name="prarthanaMaven.MavenTest">
        <test-method signature="DisplayOne()[pri:0, instance:prarthanaMaven.MavenTest@76f2b07d]" started-at="2019-07-27T18:43:57Z" name="DisplayOne" finished-at="2019-07-27T18:43:57Z" duration-ms="5" status="PASS">
          <reporter-output>
          </reporter-output>
        </test-method> <!-- DisplayOne -->
        <test-method signature="DisplayTwo()[pri:0, instance:prarthanaMaven.MavenTest@76f2b07d]" started-at="2019-07-27T18:43:57Z" name="DisplayTwo" finished-at="2019-07-27T18:43:57Z" duration-ms="0" status="PASS">
          <reporter-output>
          </reporter-output>
        </test-method> <!-- DisplayTwo -->
      </class> <!-- prarthanaMaven.MavenTest -->
    </test> <!-- Command line test -->
  </suite> <!-- Command line suite -->
</testng-results>
